2024.02.01 00:00:15 INFO  Started: Metals version 1.2.0 in folders '/home/griggy/code/cat-back' for client Visual Studio Code 1.85.2.
2024.02.01 00:00:18 WARN  Build server is not auto-connectable.
2024.02.01 00:00:20 WARN  no build target for: /home/griggy/code/cat-back/.g8/form/app/controllers/$model__Camel$Controller.scala
2024.02.01 00:00:26 INFO  no build target found for /home/griggy/code/cat-back/.g8/form/app/controllers/$model__Camel$Controller.scala. Using presentation compiler with project's scala-library version: 3.3.1
2024.02.01 00:00:32 INFO  time: code lens generation in 12s
2024.02.01 00:00:41 WARN  no build target for: /home/griggy/code/cat-back/app/controllers/HomeController.scala
2024.02.01 00:01:29 WARN  no build target for: /home/griggy/code/cat-back/test/controllers/HomeControllerSpec.scala
2024.02.01 00:01:40 WARN  no build target for: /home/griggy/code/cat-back/project/plugins.sbt
2024.02.01 00:01:40 WARN  Could not find semantic tokens for: file:///home/griggy/code/cat-back/project/plugins.sbt
2024.02.01 00:01:40 WARN  Could not find semantic tokens for: file:///home/griggy/code/cat-back/project/plugins.sbt
2024.02.01 00:01:44 WARN  no build target for: /home/griggy/code/cat-back/app/controllers/HomeController.scala
2024.02.01 00:02:03 WARN  no build target for: /home/griggy/code/cat-back/app/controllers/HomeController.scala
Feb 01, 2024 12:02:38 AM org.eclipse.lsp4j.jsonrpc.services.GenericEndpoint notify
INFO: Unsupported notification method: $/setTrace
2024.02.01 00:31:39 WARN  no build target for: /home/griggy/code/cat-back/app/controllers/HomeController.scala
2024.02.01 00:31:51 WARN  no build target for: /home/griggy/code/cat-back/app/controllers/HomeController.scala
2024.02.01 00:35:33 WARN  no build target for: /home/griggy/code/cat-back/app/controllers/HomeController.scala
2024.02.01 00:37:17 WARN  no build target for: /home/griggy/code/cat-back/build.sc
2024.02.01 00:37:21 WARN  no build target for: /home/griggy/code/cat-back/build.sbt
2024.02.01 00:37:28 WARN  no build target for: /home/griggy/code/cat-back/test/controllers/HomeControllerSpec.scala
Feb 01, 2024 12:47:16 AM org.eclipse.lsp4j.jsonrpc.services.GenericEndpoint notify
INFO: Unsupported notification method: $/setTrace
2024.02.01 00:50:07 WARN  no build target for: /home/griggy/code/cat-back/project/plugins.sbt
2024.02.01 00:50:08 WARN  Could not find semantic tokens for: file:///home/griggy/code/cat-back/project/plugins.sbt
2024.02.01 00:50:07 WARN  Could not find semantic tokens for: file:///home/griggy/code/cat-back/project/plugins.sbt
